2018-02-01 13:05:01,250 [Worker-4] INFO  c.g.t.t.d.PublishedGradleVersions - Gradle version information cache is not available. Remote download required.
2018-02-01 18:42:08,090 [Worker-3] INFO  c.g.t.t.d.PublishedGradleVersions - Gradle version information cache is up-to-date. Trying to read.
2018-02-02 08:41:15,369 [Worker-1] INFO  c.g.t.t.d.PublishedGradleVersions - Gradle version information cache is up-to-date. Trying to read.
2018-02-02 16:57:23,617 [Worker-5] INFO  c.g.t.t.d.PublishedGradleVersions - Gradle version information cache is up-to-date. Trying to read.
2018-02-02 20:04:41,692 [Worker-1] INFO  c.g.t.t.d.PublishedGradleVersions - Gradle version information cache is out-of-date. Trying to update.
2018-02-05 08:41:01,133 [Worker-2] INFO  c.g.t.t.d.PublishedGradleVersions - Gradle version information cache is out-of-date. Trying to update.
2018-02-05 13:06:19,984 [Worker-6] INFO  c.g.t.t.d.PublishedGradleVersions - Gradle version information cache is up-to-date. Trying to read.
2018-02-18 16:47:18,836 [Worker-5] INFO  c.g.t.t.d.PublishedGradleVersions - Gradle version information cache is out-of-date. Trying to update.
2018-02-19 12:36:46,900 [Worker-1] INFO  c.g.t.t.d.PublishedGradleVersions - Gradle version information cache is up-to-date. Trying to read.
2018-02-24 14:39:18,888 [Worker-0] INFO  c.g.t.t.d.PublishedGradleVersions - Gradle version information cache is out-of-date. Trying to update.
2018-02-25 10:50:21,302 [Worker-8] INFO  c.g.t.t.d.PublishedGradleVersions - Gradle version information cache is up-to-date. Trying to read.
2018-03-02 17:36:18,296 [Worker-0] INFO  c.g.t.t.d.PublishedGradleVersions - Gradle version information cache is out-of-date. Trying to update.
2018-03-02 21:48:13,764 [Worker-5] INFO  c.g.t.t.d.PublishedGradleVersions - Gradle version information cache is up-to-date. Trying to read.
2018-03-03 11:05:52,955 [Worker-1] INFO  c.g.t.t.d.PublishedGradleVersions - Gradle version information cache is up-to-date. Trying to read.
2018-03-04 10:29:43,876 [Worker-7] INFO  c.g.t.t.d.PublishedGradleVersions - Gradle version information cache is out-of-date. Trying to update.
2018-03-04 10:29:46,151 [Worker-7] INFO  c.g.t.t.d.PublishedGradleVersions - Updating Gradle version information cache failed. Using outdated cache.
2018-03-04 22:36:02,940 [Worker-0] INFO  c.g.t.t.d.PublishedGradleVersions - Gradle version information cache is out-of-date. Trying to update.
2018-03-04 22:36:04,217 [Worker-0] INFO  c.g.t.t.d.PublishedGradleVersions - Updating Gradle version information cache failed. Using outdated cache.
2018-03-05 16:11:43,510 [Worker-3] INFO  c.g.t.t.d.PublishedGradleVersions - Gradle version information cache is out-of-date. Trying to update.
2018-03-05 16:11:45,657 [Worker-3] INFO  c.g.t.t.d.PublishedGradleVersions - Updating Gradle version information cache failed. Using outdated cache.
2018-03-11 18:44:24,871 [Worker-4] INFO  c.g.t.t.d.PublishedGradleVersions - Gradle version information cache is out-of-date. Trying to update.
2018-03-11 18:44:26,735 [Worker-4] INFO  c.g.t.t.d.PublishedGradleVersions - Updating Gradle version information cache failed. Using outdated cache.
2018-03-12 17:46:27,431 [Worker-1] INFO  c.g.t.t.d.PublishedGradleVersions - Gradle version information cache is out-of-date. Trying to update.
2018-03-13 15:17:44,306 [Worker-2] INFO  c.g.t.t.d.PublishedGradleVersions - Gradle version information cache is up-to-date. Trying to read.
2018-03-14 17:44:42,140 [Worker-1] INFO  c.g.t.t.d.PublishedGradleVersions - Gradle version information cache is out-of-date. Trying to update.
2018-03-15 16:36:55,480 [Worker-3] INFO  c.g.t.t.d.PublishedGradleVersions - Gradle version information cache is up-to-date. Trying to read.
2018-03-16 17:00:32,614 [Worker-1] INFO  c.g.t.t.d.PublishedGradleVersions - Gradle version information cache is out-of-date. Trying to update.
2018-03-17 11:18:26,506 [Worker-4] INFO  c.g.t.t.d.PublishedGradleVersions - Gradle version information cache is up-to-date. Trying to read.
2018-03-18 11:40:38,063 [Worker-0] INFO  c.g.t.t.d.PublishedGradleVersions - Gradle version information cache is out-of-date. Trying to update.
2018-03-19 16:11:16,194 [Worker-0] INFO  c.g.t.t.d.PublishedGradleVersions - Gradle version information cache is out-of-date. Trying to update.
2018-03-20 17:38:36,112 [Worker-1] INFO  c.g.t.t.d.PublishedGradleVersions - Gradle version information cache is out-of-date. Trying to update.
2018-03-20 18:31:16,470 [Worker-8] INFO  c.g.t.t.d.PublishedGradleVersions - Gradle version information cache is up-to-date. Trying to read.
2018-03-21 17:08:05,757 [Worker-2] INFO  c.g.t.t.d.PublishedGradleVersions - Gradle version information cache is up-to-date. Trying to read.
2018-03-22 16:20:26,195 [Worker-1] INFO  c.g.t.t.d.PublishedGradleVersions - Gradle version information cache is out-of-date. Trying to update.
2018-03-25 09:08:44,110 [Worker-4] INFO  c.g.t.t.d.PublishedGradleVersions - Gradle version information cache is out-of-date. Trying to update.
2018-03-25 09:20:31,406 [Worker-4] INFO  c.g.t.t.d.PublishedGradleVersions - Gradle version information cache is up-to-date. Trying to read.
2018-03-25 09:31:30,146 [Worker-1] INFO  c.g.t.t.d.PublishedGradleVersions - Gradle version information cache is up-to-date. Trying to read.
2018-03-25 14:00:59,112 [Worker-2] INFO  c.g.t.t.d.PublishedGradleVersions - Gradle version information cache is up-to-date. Trying to read.
2018-03-25 18:13:10,781 [Worker-4] INFO  c.g.t.t.d.PublishedGradleVersions - Gradle version information cache is up-to-date. Trying to read.
2018-03-25 18:21:52,061 [Worker-15] INFO  o.e.m.c.i.e.AbstractTransferListenerAdapter - Downloading https://repo.maven.apache.org/maven2/org/apache/maven/plugins/maven-compiler-plugin/3.1/maven-compiler-plugin-3.1.jar
2018-03-25 18:21:52,072 [Worker-14] INFO  o.e.m.c.i.e.AbstractTransferListenerAdapter - Downloading https://repo.maven.apache.org/maven2/org/apache/maven/plugins/maven-compiler-plugin/3.1/maven-compiler-plugin-3.1.jar
2018-03-25 18:21:52,770 [Worker-15] INFO  o.e.m.c.i.e.AbstractTransferListenerAdapter - Downloaded https://repo.maven.apache.org/maven2/org/apache/maven/plugins/maven-compiler-plugin/3.1/maven-compiler-plugin-3.1.jar
2018-03-25 18:21:54,431 [Worker-15] INFO  o.e.m.c.i.e.AbstractTransferListenerAdapter - Downloading https://repo.maven.apache.org/maven2/org/apache/maven/plugins/maven-compiler-plugin/3.1/maven-compiler-plugin-3.1.pom
2018-03-25 18:21:54,497 [Worker-15] INFO  o.e.m.c.i.e.AbstractTransferListenerAdapter - Downloaded https://repo.maven.apache.org/maven2/org/apache/maven/plugins/maven-compiler-plugin/3.1/maven-compiler-plugin-3.1.pom
2018-03-25 18:21:54,557 [Worker-15] INFO  o.e.m.c.i.e.AbstractTransferListenerAdapter - Downloading https://repo.maven.apache.org/maven2/org/apache/maven/plugins/maven-plugins/24/maven-plugins-24.pom
2018-03-25 18:21:54,617 [Worker-15] INFO  o.e.m.c.i.e.AbstractTransferListenerAdapter - Downloaded https://repo.maven.apache.org/maven2/org/apache/maven/plugins/maven-plugins/24/maven-plugins-24.pom
2018-03-25 18:21:55,570 [Worker-15] INFO  o.e.m.c.i.e.AbstractTransferListenerAdapter - Downloading https://repo.maven.apache.org/maven2/org/codehaus/plexus/plexus-utils/1.5.1/plexus-utils-1.5.1.pom
2018-03-25 18:21:55,624 [Worker-15] INFO  o.e.m.c.i.e.AbstractTransferListenerAdapter - Downloaded https://repo.maven.apache.org/maven2/org/codehaus/plexus/plexus-utils/1.5.1/plexus-utils-1.5.1.pom
2018-03-25 18:21:56,338 [Worker-15] INFO  o.e.m.c.i.e.AbstractTransferListenerAdapter - Downloading https://repo.maven.apache.org/maven2/org/apache/maven/maven-toolchain/1.0/maven-toolchain-1.0.pom
2018-03-25 18:21:56,380 [Worker-15] INFO  o.e.m.c.i.e.AbstractTransferListenerAdapter - Downloaded https://repo.maven.apache.org/maven2/org/apache/maven/maven-toolchain/1.0/maven-toolchain-1.0.pom
2018-03-25 18:21:56,532 [Worker-14] INFO  o.e.m.c.i.e.AbstractTransferListenerAdapter - Downloaded https://repo.maven.apache.org/maven2/org/apache/maven/plugins/maven-compiler-plugin/3.1/maven-compiler-plugin-3.1.jar
2018-03-25 18:21:59,104 [Worker-15] INFO  o.e.m.c.i.e.AbstractTransferListenerAdapter - Downloading https://repo.maven.apache.org/maven2/org/codehaus/plexus/plexus-component-annotations/1.5.5/plexus-component-annotations-1.5.5.pom
2018-03-25 18:21:59,291 [Worker-15] INFO  o.e.m.c.i.e.AbstractTransferListenerAdapter - Downloaded https://repo.maven.apache.org/maven2/org/codehaus/plexus/plexus-component-annotations/1.5.5/plexus-component-annotations-1.5.5.pom
2018-03-25 18:21:59,460 [Worker-15] INFO  o.e.m.c.i.e.AbstractTransferListenerAdapter - Downloading https://repo.maven.apache.org/maven2/org/codehaus/plexus/plexus-compiler-api/2.2/plexus-compiler-api-2.2.pom
2018-03-25 18:21:59,593 [Worker-15] INFO  o.e.m.c.i.e.AbstractTransferListenerAdapter - Downloaded https://repo.maven.apache.org/maven2/org/codehaus/plexus/plexus-compiler-api/2.2/plexus-compiler-api-2.2.pom
2018-03-25 18:21:59,700 [Worker-15] INFO  o.e.m.c.i.e.AbstractTransferListenerAdapter - Downloading https://repo.maven.apache.org/maven2/org/codehaus/plexus/plexus-compiler/2.2/plexus-compiler-2.2.pom
2018-03-25 18:21:59,743 [Worker-15] INFO  o.e.m.c.i.e.AbstractTransferListenerAdapter - Downloaded https://repo.maven.apache.org/maven2/org/codehaus/plexus/plexus-compiler/2.2/plexus-compiler-2.2.pom
2018-03-25 18:22:00,151 [Worker-15] INFO  o.e.m.c.i.e.AbstractTransferListenerAdapter - Downloading https://repo.maven.apache.org/maven2/org/codehaus/plexus/plexus-compiler-manager/2.2/plexus-compiler-manager-2.2.pom
2018-03-25 18:22:00,204 [Worker-15] INFO  o.e.m.c.i.e.AbstractTransferListenerAdapter - Downloaded https://repo.maven.apache.org/maven2/org/codehaus/plexus/plexus-compiler-manager/2.2/plexus-compiler-manager-2.2.pom
2018-03-25 18:22:00,242 [Worker-15] INFO  o.e.m.c.i.e.AbstractTransferListenerAdapter - Downloading https://repo.maven.apache.org/maven2/org/codehaus/plexus/plexus-compiler-javac/2.2/plexus-compiler-javac-2.2.pom
2018-03-25 18:22:00,277 [Worker-15] INFO  o.e.m.c.i.e.AbstractTransferListenerAdapter - Downloaded https://repo.maven.apache.org/maven2/org/codehaus/plexus/plexus-compiler-javac/2.2/plexus-compiler-javac-2.2.pom
2018-03-25 18:22:00,320 [Worker-15] INFO  o.e.m.c.i.e.AbstractTransferListenerAdapter - Downloading https://repo.maven.apache.org/maven2/org/codehaus/plexus/plexus-compilers/2.2/plexus-compilers-2.2.pom
2018-03-25 18:22:00,421 [Worker-15] INFO  o.e.m.c.i.e.AbstractTransferListenerAdapter - Downloaded https://repo.maven.apache.org/maven2/org/codehaus/plexus/plexus-compilers/2.2/plexus-compilers-2.2.pom
2018-03-25 18:22:01,132 [Worker-15] INFO  o.e.m.c.i.e.AbstractTransferListenerAdapter - Downloading https://repo.maven.apache.org/maven2/junit/junit/3.8.2/junit-3.8.2.pom
2018-03-25 18:22:01,177 [Worker-15] INFO  o.e.m.c.i.e.AbstractTransferListenerAdapter - Downloaded https://repo.maven.apache.org/maven2/junit/junit/3.8.2/junit-3.8.2.pom
2018-03-25 18:22:01,326 [Worker-15] INFO  o.e.m.c.i.e.AbstractTransferListenerAdapter - Downloading https://repo.maven.apache.org/maven2/org/codehaus/plexus/plexus-utils/1.5.1/plexus-utils-1.5.1.jar
2018-03-25 18:22:01,595 [Worker-15] INFO  o.e.m.c.i.e.AbstractTransferListenerAdapter - Downloaded https://repo.maven.apache.org/maven2/org/codehaus/plexus/plexus-utils/1.5.1/plexus-utils-1.5.1.jar
2018-03-25 18:22:01,624 [Worker-15] INFO  o.e.m.c.i.e.AbstractTransferListenerAdapter - Downloading https://repo.maven.apache.org/maven2/org/apache/maven/maven-toolchain/1.0/maven-toolchain-1.0.jar
2018-03-25 18:22:01,681 [Worker-15] INFO  o.e.m.c.i.e.AbstractTransferListenerAdapter - Downloaded https://repo.maven.apache.org/maven2/org/apache/maven/maven-toolchain/1.0/maven-toolchain-1.0.jar
2018-03-25 18:22:01,710 [Worker-15] INFO  o.e.m.c.i.e.AbstractTransferListenerAdapter - Downloading https://repo.maven.apache.org/maven2/org/apache/maven/shared/maven-shared-utils/0.1/maven-shared-utils-0.1.jar
2018-03-25 18:22:01,938 [Worker-15] INFO  o.e.m.c.i.e.AbstractTransferListenerAdapter - Downloaded https://repo.maven.apache.org/maven2/org/apache/maven/shared/maven-shared-utils/0.1/maven-shared-utils-0.1.jar
2018-03-25 18:22:01,965 [Worker-15] INFO  o.e.m.c.i.e.AbstractTransferListenerAdapter - Downloading https://repo.maven.apache.org/maven2/com/google/code/findbugs/jsr305/2.0.1/jsr305-2.0.1.jar
2018-03-25 18:22:02,544 [Worker-15] INFO  o.e.m.c.i.e.AbstractTransferListenerAdapter - Downloaded https://repo.maven.apache.org/maven2/com/google/code/findbugs/jsr305/2.0.1/jsr305-2.0.1.jar
2018-03-25 18:22:02,560 [Worker-15] INFO  o.e.m.c.i.e.AbstractTransferListenerAdapter - Downloading https://repo.maven.apache.org/maven2/org/codehaus/plexus/plexus-component-annotations/1.5.5/plexus-component-annotations-1.5.5.jar
2018-03-25 18:22:02,672 [Worker-15] INFO  o.e.m.c.i.e.AbstractTransferListenerAdapter - Downloaded https://repo.maven.apache.org/maven2/org/codehaus/plexus/plexus-component-annotations/1.5.5/plexus-component-annotations-1.5.5.jar
2018-03-25 18:22:02,688 [Worker-15] INFO  o.e.m.c.i.e.AbstractTransferListenerAdapter - Downloading https://repo.maven.apache.org/maven2/org/codehaus/plexus/plexus-compiler-api/2.2/plexus-compiler-api-2.2.jar
2018-03-25 18:22:02,934 [Worker-15] INFO  o.e.m.c.i.e.AbstractTransferListenerAdapter - Downloaded https://repo.maven.apache.org/maven2/org/codehaus/plexus/plexus-compiler-api/2.2/plexus-compiler-api-2.2.jar
2018-03-25 18:22:02,953 [Worker-15] INFO  o.e.m.c.i.e.AbstractTransferListenerAdapter - Downloading https://repo.maven.apache.org/maven2/org/codehaus/plexus/plexus-compiler-manager/2.2/plexus-compiler-manager-2.2.jar
2018-03-25 18:22:03,039 [Worker-15] INFO  o.e.m.c.i.e.AbstractTransferListenerAdapter - Downloaded https://repo.maven.apache.org/maven2/org/codehaus/plexus/plexus-compiler-manager/2.2/plexus-compiler-manager-2.2.jar
2018-03-25 18:22:03,057 [Worker-15] INFO  o.e.m.c.i.e.AbstractTransferListenerAdapter - Downloading https://repo.maven.apache.org/maven2/org/codehaus/plexus/plexus-compiler-javac/2.2/plexus-compiler-javac-2.2.jar
2018-03-25 18:22:03,238 [Worker-15] INFO  o.e.m.c.i.e.AbstractTransferListenerAdapter - Downloaded https://repo.maven.apache.org/maven2/org/codehaus/plexus/plexus-compiler-javac/2.2/plexus-compiler-javac-2.2.jar
2018-03-25 18:22:03,259 [Worker-15] INFO  o.e.m.c.i.e.AbstractTransferListenerAdapter - Downloading https://repo.maven.apache.org/maven2/org/codehaus/plexus/plexus-container-default/1.5.5/plexus-container-default-1.5.5.jar
2018-03-25 18:22:03,514 [Worker-15] INFO  o.e.m.c.i.e.AbstractTransferListenerAdapter - Downloaded https://repo.maven.apache.org/maven2/org/codehaus/plexus/plexus-container-default/1.5.5/plexus-container-default-1.5.5.jar
2018-03-25 18:22:03,529 [Worker-15] INFO  o.e.m.c.i.e.AbstractTransferListenerAdapter - Downloading https://repo.maven.apache.org/maven2/org/codehaus/plexus/plexus-classworlds/2.2.2/plexus-classworlds-2.2.2.jar
2018-03-25 18:22:03,948 [Worker-15] INFO  o.e.m.c.i.e.AbstractTransferListenerAdapter - Downloaded https://repo.maven.apache.org/maven2/org/codehaus/plexus/plexus-classworlds/2.2.2/plexus-classworlds-2.2.2.jar
2018-03-25 18:22:03,985 [Worker-15] INFO  o.e.m.c.i.e.AbstractTransferListenerAdapter - Downloading https://repo.maven.apache.org/maven2/org/apache/xbean/xbean-reflect/3.4/xbean-reflect-3.4.jar
2018-03-25 18:22:04,346 [Worker-15] INFO  o.e.m.c.i.e.AbstractTransferListenerAdapter - Downloaded https://repo.maven.apache.org/maven2/org/apache/xbean/xbean-reflect/3.4/xbean-reflect-3.4.jar
2018-03-25 18:22:04,467 [Worker-15] INFO  o.e.m.c.i.e.AbstractTransferListenerAdapter - Downloading https://repo.maven.apache.org/maven2/log4j/log4j/1.2.12/log4j-1.2.12.jar
2018-03-25 18:22:04,878 [Worker-15] INFO  o.e.m.c.i.e.AbstractTransferListenerAdapter - Downloaded https://repo.maven.apache.org/maven2/log4j/log4j/1.2.12/log4j-1.2.12.jar
2018-03-25 18:22:04,893 [Worker-15] INFO  o.e.m.c.i.e.AbstractTransferListenerAdapter - Downloading https://repo.maven.apache.org/maven2/commons-logging/commons-logging-api/1.1/commons-logging-api-1.1.jar
2018-03-25 18:22:05,201 [Worker-15] INFO  o.e.m.c.i.e.AbstractTransferListenerAdapter - Downloaded https://repo.maven.apache.org/maven2/commons-logging/commons-logging-api/1.1/commons-logging-api-1.1.jar
2018-03-25 18:22:05,226 [Worker-15] INFO  o.e.m.c.i.e.AbstractTransferListenerAdapter - Downloading https://repo.maven.apache.org/maven2/com/google/collections/google-collections/1.0/google-collections-1.0.jar
2018-03-25 18:22:05,702 [Worker-15] INFO  o.e.m.c.i.e.AbstractTransferListenerAdapter - Downloaded https://repo.maven.apache.org/maven2/com/google/collections/google-collections/1.0/google-collections-1.0.jar
2018-03-25 18:22:05,730 [Worker-15] INFO  o.e.m.c.i.e.AbstractTransferListenerAdapter - Downloading https://repo.maven.apache.org/maven2/junit/junit/3.8.2/junit-3.8.2.jar
2018-03-25 18:22:05,842 [Worker-15] INFO  o.e.m.c.i.e.AbstractTransferListenerAdapter - Downloaded https://repo.maven.apache.org/maven2/junit/junit/3.8.2/junit-3.8.2.jar
2018-03-25 18:22:12,019 [Worker-14] INFO  o.e.m.c.i.l.LifecycleMappingFactory - Using org.eclipse.m2e.jdt.JarLifecycleMapping lifecycle mapping for MavenProject: com:IslandDefense:0.0.1-SNAPSHOT @ C:\Users\kades\OneDrive\MT_Re-code\IslandDefense\pom.xml.
2018-03-25 18:22:12,040 [Worker-15] INFO  o.e.m.c.i.l.LifecycleMappingFactory - Using org.eclipse.m2e.jdt.JarLifecycleMapping lifecycle mapping for MavenProject: com:IslandDefense:0.0.1-SNAPSHOT @ C:\Users\kades\OneDrive\MT_Re-code\IslandDefense\pom.xml.
2018-03-25 18:22:15,086 [DefaultMetadataResolver-0-0] INFO  o.e.m.c.i.e.AbstractTransferListenerAdapter - Downloaded http://ci.emc.gs/nexus/content/groups/aikar/net/citizensnpcs/citizens/2.0.22-SNAPSHOT/maven-metadata.xml
2018-03-25 18:22:15,086 [DefaultMetadataResolver-1-0] INFO  o.e.m.c.i.e.AbstractTransferListenerAdapter - Downloaded http://ci.emc.gs/nexus/content/groups/aikar/net/citizensnpcs/citizens/2.0.22-SNAPSHOT/maven-metadata.xml
2018-03-25 18:22:16,081 [DefaultMetadataResolver-0-1] INFO  o.e.m.c.i.e.AbstractTransferListenerAdapter - Downloading http://repo.citizensnpcs.co/net/citizensnpcs/citizens/2.0.22-SNAPSHOT/maven-metadata.xml
2018-03-25 18:22:16,082 [DefaultMetadataResolver-1-1] INFO  o.e.m.c.i.e.AbstractTransferListenerAdapter - Downloading http://repo.citizensnpcs.co/net/citizensnpcs/citizens/2.0.22-SNAPSHOT/maven-metadata.xml
2018-03-25 18:22:18,098 [DefaultMetadataResolver-1-1] INFO  o.e.m.c.i.e.AbstractTransferListenerAdapter - Downloaded http://repo.citizensnpcs.co/net/citizensnpcs/citizens/2.0.22-SNAPSHOT/maven-metadata.xml
2018-03-25 18:22:18,154 [DefaultMetadataResolver-0-1] INFO  o.e.m.c.i.e.AbstractTransferListenerAdapter - Downloaded http://repo.citizensnpcs.co/net/citizensnpcs/citizens/2.0.22-SNAPSHOT/maven-metadata.xml
2018-03-25 18:22:20,066 [Worker-15] INFO  o.e.m.c.i.e.AbstractTransferListenerAdapter - Downloaded http://ci.emc.gs/nexus/content/groups/aikar/net/citizensnpcs/citizens/2.0.22-SNAPSHOT/citizens-2.0.22-20180324.073424-1526.pom
2018-03-25 18:22:20,067 [Worker-14] INFO  o.e.m.c.i.e.AbstractTransferListenerAdapter - Downloaded http://ci.emc.gs/nexus/content/groups/aikar/net/citizensnpcs/citizens/2.0.22-SNAPSHOT/citizens-2.0.22-20180324.073424-1526.pom
2018-03-25 18:22:22,085 [Worker-15] INFO  o.e.m.c.i.e.AbstractTransferListenerAdapter - Downloading http://repo.citizensnpcs.co/net/citizensnpcs/citizens/2.0.22-SNAPSHOT/citizens-2.0.22-20180324.073424-1526.pom
2018-03-25 18:22:22,086 [Worker-14] INFO  o.e.m.c.i.e.AbstractTransferListenerAdapter - Downloading http://repo.citizensnpcs.co/net/citizensnpcs/citizens/2.0.22-SNAPSHOT/citizens-2.0.22-20180324.073424-1526.pom
2018-03-25 18:22:24,085 [Worker-14] INFO  o.e.m.c.i.e.AbstractTransferListenerAdapter - Downloaded http://repo.citizensnpcs.co/net/citizensnpcs/citizens/2.0.22-SNAPSHOT/citizens-2.0.22-20180324.073424-1526.pom
2018-03-25 18:22:24,101 [Worker-15] INFO  o.e.m.c.i.e.AbstractTransferListenerAdapter - Downloaded http://repo.citizensnpcs.co/net/citizensnpcs/citizens/2.0.22-SNAPSHOT/citizens-2.0.22-20180324.073424-1526.pom
2018-03-25 18:22:26,071 [DefaultMetadataResolver-2-0] INFO  o.e.m.c.i.e.AbstractTransferListenerAdapter - Downloaded http://ci.emc.gs/nexus/content/groups/aikar/net/citizensnpcs/citizens-parent/2.0.22-SNAPSHOT/maven-metadata.xml
2018-03-25 18:22:26,086 [DefaultMetadataResolver-3-0] INFO  o.e.m.c.i.e.AbstractTransferListenerAdapter - Downloaded http://ci.emc.gs/nexus/content/groups/aikar/net/citizensnpcs/citizens-parent/2.0.22-SNAPSHOT/maven-metadata.xml
2018-03-25 18:22:26,090 [DefaultMetadataResolver-3-1] INFO  o.e.m.c.i.e.AbstractTransferListenerAdapter - Downloading http://repo.citizensnpcs.co/net/citizensnpcs/citizens-parent/2.0.22-SNAPSHOT/maven-metadata.xml
2018-03-25 18:22:26,089 [DefaultMetadataResolver-2-1] INFO  o.e.m.c.i.e.AbstractTransferListenerAdapter - Downloading http://repo.citizensnpcs.co/net/citizensnpcs/citizens-parent/2.0.22-SNAPSHOT/maven-metadata.xml
2018-03-25 18:22:29,094 [DefaultMetadataResolver-3-1] INFO  o.e.m.c.i.e.AbstractTransferListenerAdapter - Downloaded http://repo.citizensnpcs.co/net/citizensnpcs/citizens-parent/2.0.22-SNAPSHOT/maven-metadata.xml
2018-03-25 18:22:29,106 [DefaultMetadataResolver-2-1] INFO  o.e.m.c.i.e.AbstractTransferListenerAdapter - Downloaded http://repo.citizensnpcs.co/net/citizensnpcs/citizens-parent/2.0.22-SNAPSHOT/maven-metadata.xml
2018-03-25 18:22:31,091 [Worker-15] INFO  o.e.m.c.i.e.AbstractTransferListenerAdapter - Downloading http://repo.citizensnpcs.co/net/citizensnpcs/citizens-parent/2.0.22-SNAPSHOT/citizens-parent-2.0.22-20180324.073424-1526.pom
2018-03-25 18:22:31,091 [Worker-14] INFO  o.e.m.c.i.e.AbstractTransferListenerAdapter - Downloading http://repo.citizensnpcs.co/net/citizensnpcs/citizens-parent/2.0.22-SNAPSHOT/citizens-parent-2.0.22-20180324.073424-1526.pom
2018-03-25 18:22:33,168 [Worker-14] INFO  o.e.m.c.i.e.AbstractTransferListenerAdapter - Downloaded http://repo.citizensnpcs.co/net/citizensnpcs/citizens-parent/2.0.22-SNAPSHOT/citizens-parent-2.0.22-20180324.073424-1526.pom
2018-03-25 18:22:33,225 [Worker-15] INFO  o.e.m.c.i.e.AbstractTransferListenerAdapter - Downloaded http://repo.citizensnpcs.co/net/citizensnpcs/citizens-parent/2.0.22-SNAPSHOT/citizens-parent-2.0.22-20180324.073424-1526.pom
2018-03-25 18:22:35,095 [DefaultMetadataResolver-5-0] INFO  o.e.m.c.i.e.AbstractTransferListenerAdapter - Downloaded http://ci.emc.gs/nexus/content/groups/aikar/net/citizensnpcs/citizens-main/2.0.22-SNAPSHOT/maven-metadata.xml
2018-03-25 18:22:35,095 [DefaultMetadataResolver-4-0] INFO  o.e.m.c.i.e.AbstractTransferListenerAdapter - Downloaded http://ci.emc.gs/nexus/content/groups/aikar/net/citizensnpcs/citizens-main/2.0.22-SNAPSHOT/maven-metadata.xml
2018-03-25 18:22:35,557 [DefaultMetadataResolver-5-1] INFO  o.e.m.c.i.e.AbstractTransferListenerAdapter - Downloading http://repo.citizensnpcs.co/net/citizensnpcs/citizens-main/2.0.22-SNAPSHOT/maven-metadata.xml
2018-03-25 18:22:35,557 [DefaultMetadataResolver-4-1] INFO  o.e.m.c.i.e.AbstractTransferListenerAdapter - Downloading http://repo.citizensnpcs.co/net/citizensnpcs/citizens-main/2.0.22-SNAPSHOT/maven-metadata.xml
2018-03-25 18:22:38,123 [DefaultMetadataResolver-4-1] INFO  o.e.m.c.i.e.AbstractTransferListenerAdapter - Downloaded http://repo.citizensnpcs.co/net/citizensnpcs/citizens-main/2.0.22-SNAPSHOT/maven-metadata.xml
2018-03-25 18:22:38,132 [DefaultMetadataResolver-5-1] INFO  o.e.m.c.i.e.AbstractTransferListenerAdapter - Downloaded http://repo.citizensnpcs.co/net/citizensnpcs/citizens-main/2.0.22-SNAPSHOT/maven-metadata.xml
2018-03-25 18:22:40,096 [Worker-14] INFO  o.e.m.c.i.e.AbstractTransferListenerAdapter - Downloaded http://ci.emc.gs/nexus/content/groups/aikar/net/citizensnpcs/citizens-main/2.0.22-SNAPSHOT/citizens-main-2.0.22-20180324.073424-1526.pom
2018-03-25 18:22:40,101 [Worker-15] INFO  o.e.m.c.i.e.AbstractTransferListenerAdapter - Downloaded http://ci.emc.gs/nexus/content/groups/aikar/net/citizensnpcs/citizens-main/2.0.22-SNAPSHOT/citizens-main-2.0.22-20180324.073424-1526.pom
2018-03-25 18:22:42,093 [Worker-14] INFO  o.e.m.c.i.e.AbstractTransferListenerAdapter - Downloading http://repo.citizensnpcs.co/net/citizensnpcs/citizens-main/2.0.22-SNAPSHOT/citizens-main-2.0.22-20180324.073424-1526.pom
2018-03-25 18:22:42,093 [Worker-15] INFO  o.e.m.c.i.e.AbstractTransferListenerAdapter - Downloading http://repo.citizensnpcs.co/net/citizensnpcs/citizens-main/2.0.22-SNAPSHOT/citizens-main-2.0.22-20180324.073424-1526.pom
2018-03-25 18:22:44,636 [Worker-15] INFO  o.e.m.c.i.e.AbstractTransferListenerAdapter - Downloaded http://repo.citizensnpcs.co/net/citizensnpcs/citizens-main/2.0.22-SNAPSHOT/citizens-main-2.0.22-20180324.073424-1526.pom
2018-03-25 18:22:44,656 [Worker-14] INFO  o.e.m.c.i.e.AbstractTransferListenerAdapter - Downloaded http://repo.citizensnpcs.co/net/citizensnpcs/citizens-main/2.0.22-SNAPSHOT/citizens-main-2.0.22-20180324.073424-1526.pom
2018-03-25 18:22:46,094 [DefaultMetadataResolver-7-0] INFO  o.e.m.c.i.e.AbstractTransferListenerAdapter - Downloaded http://ci.emc.gs/nexus/content/groups/aikar/net/citizensnpcs/citizens-v1_10_R1/2.0.22-SNAPSHOT/maven-metadata.xml
2018-03-25 18:22:46,100 [DefaultMetadataResolver-6-0] INFO  o.e.m.c.i.e.AbstractTransferListenerAdapter - Downloaded http://ci.emc.gs/nexus/content/groups/aikar/net/citizensnpcs/citizens-v1_10_R1/2.0.22-SNAPSHOT/maven-metadata.xml
2018-03-25 18:22:46,590 [DefaultMetadataResolver-6-1] INFO  o.e.m.c.i.e.AbstractTransferListenerAdapter - Downloading http://repo.citizensnpcs.co/net/citizensnpcs/citizens-v1_10_R1/2.0.22-SNAPSHOT/maven-metadata.xml
2018-03-25 18:22:46,589 [DefaultMetadataResolver-7-1] INFO  o.e.m.c.i.e.AbstractTransferListenerAdapter - Downloading http://repo.citizensnpcs.co/net/citizensnpcs/citizens-v1_10_R1/2.0.22-SNAPSHOT/maven-metadata.xml
2018-03-25 18:22:48,352 [DefaultMetadataResolver-7-1] INFO  o.e.m.c.i.e.AbstractTransferListenerAdapter - Downloaded http://repo.citizensnpcs.co/net/citizensnpcs/citizens-v1_10_R1/2.0.22-SNAPSHOT/maven-metadata.xml
2018-03-25 18:22:48,416 [DefaultMetadataResolver-6-1] INFO  o.e.m.c.i.e.AbstractTransferListenerAdapter - Downloaded http://repo.citizensnpcs.co/net/citizensnpcs/citizens-v1_10_R1/2.0.22-SNAPSHOT/maven-metadata.xml
2018-03-25 18:22:50,089 [Worker-14] INFO  o.e.m.c.i.e.AbstractTransferListenerAdapter - Downloaded http://ci.emc.gs/nexus/content/groups/aikar/net/citizensnpcs/citizens-v1_10_R1/2.0.22-SNAPSHOT/citizens-v1_10_R1-2.0.22-20180324.073424-1526.pom
2018-03-25 18:22:50,090 [Worker-15] INFO  o.e.m.c.i.e.AbstractTransferListenerAdapter - Downloaded http://ci.emc.gs/nexus/content/groups/aikar/net/citizensnpcs/citizens-v1_10_R1/2.0.22-SNAPSHOT/citizens-v1_10_R1-2.0.22-20180324.073424-1526.pom
2018-03-25 18:22:52,096 [Worker-15] INFO  o.e.m.c.i.e.AbstractTransferListenerAdapter - Downloading http://repo.citizensnpcs.co/net/citizensnpcs/citizens-v1_10_R1/2.0.22-SNAPSHOT/citizens-v1_10_R1-2.0.22-20180324.073424-1526.pom
2018-03-25 18:22:53,090 [Worker-14] INFO  o.e.m.c.i.e.AbstractTransferListenerAdapter - Downloading http://repo.citizensnpcs.co/net/citizensnpcs/citizens-v1_10_R1/2.0.22-SNAPSHOT/citizens-v1_10_R1-2.0.22-20180324.073424-1526.pom
2018-03-25 18:22:54,121 [Worker-15] INFO  o.e.m.c.i.e.AbstractTransferListenerAdapter - Downloaded http://repo.citizensnpcs.co/net/citizensnpcs/citizens-v1_10_R1/2.0.22-SNAPSHOT/citizens-v1_10_R1-2.0.22-20180324.073424-1526.pom
2018-03-25 18:22:55,130 [Worker-14] INFO  o.e.m.c.i.e.AbstractTransferListenerAdapter - Downloaded http://repo.citizensnpcs.co/net/citizensnpcs/citizens-v1_10_R1/2.0.22-SNAPSHOT/citizens-v1_10_R1-2.0.22-20180324.073424-1526.pom
2018-03-25 18:22:56,092 [DefaultMetadataResolver-8-1] INFO  o.e.m.c.i.e.AbstractTransferListenerAdapter - Downloading http://repo.citizensnpcs.co/net/citizensnpcs/citizens-v1_11_R1/2.0.22-SNAPSHOT/maven-metadata.xml
2018-03-25 18:22:56,096 [DefaultMetadataResolver-8-0] INFO  o.e.m.c.i.e.AbstractTransferListenerAdapter - Downloaded http://ci.emc.gs/nexus/content/groups/aikar/net/citizensnpcs/citizens-v1_11_R1/2.0.22-SNAPSHOT/maven-metadata.xml
2018-03-25 18:22:57,097 [DefaultMetadataResolver-9-1] INFO  o.e.m.c.i.e.AbstractTransferListenerAdapter - Downloading http://repo.citizensnpcs.co/net/citizensnpcs/citizens-v1_11_R1/2.0.22-SNAPSHOT/maven-metadata.xml
2018-03-25 18:22:57,099 [DefaultMetadataResolver-9-0] INFO  o.e.m.c.i.e.AbstractTransferListenerAdapter - Downloaded http://ci.emc.gs/nexus/content/groups/aikar/net/citizensnpcs/citizens-v1_11_R1/2.0.22-SNAPSHOT/maven-metadata.xml
2018-03-25 18:22:58,128 [DefaultMetadataResolver-8-1] INFO  o.e.m.c.i.e.AbstractTransferListenerAdapter - Downloaded http://repo.citizensnpcs.co/net/citizensnpcs/citizens-v1_11_R1/2.0.22-SNAPSHOT/maven-metadata.xml
2018-03-25 18:22:59,123 [DefaultMetadataResolver-9-1] INFO  o.e.m.c.i.e.AbstractTransferListenerAdapter - Downloaded http://repo.citizensnpcs.co/net/citizensnpcs/citizens-v1_11_R1/2.0.22-SNAPSHOT/maven-metadata.xml
2018-03-25 18:22:59,309 [Worker-15] INFO  o.e.m.c.i.e.AbstractTransferListenerAdapter - Downloaded http://ci.emc.gs/nexus/content/groups/aikar/net/citizensnpcs/citizens-v1_11_R1/2.0.22-SNAPSHOT/citizens-v1_11_R1-2.0.22-20180324.073424-1526.pom
2018-03-25 18:23:00,093 [Worker-14] INFO  o.e.m.c.i.e.AbstractTransferListenerAdapter - Downloaded http://ci.emc.gs/nexus/content/groups/aikar/net/citizensnpcs/citizens-v1_11_R1/2.0.22-SNAPSHOT/citizens-v1_11_R1-2.0.22-20180324.073424-1526.pom
2018-03-25 18:23:01,093 [Worker-15] INFO  o.e.m.c.i.e.AbstractTransferListenerAdapter - Downloading http://repo.citizensnpcs.co/net/citizensnpcs/citizens-v1_11_R1/2.0.22-SNAPSHOT/citizens-v1_11_R1-2.0.22-20180324.073424-1526.pom
2018-03-25 18:23:02,090 [Worker-14] INFO  o.e.m.c.i.e.AbstractTransferListenerAdapter - Downloading http://repo.citizensnpcs.co/net/citizensnpcs/citizens-v1_11_R1/2.0.22-SNAPSHOT/citizens-v1_11_R1-2.0.22-20180324.073424-1526.pom
2018-03-25 18:23:03,112 [Worker-15] INFO  o.e.m.c.i.e.AbstractTransferListenerAdapter - Downloaded http://repo.citizensnpcs.co/net/citizensnpcs/citizens-v1_11_R1/2.0.22-SNAPSHOT/citizens-v1_11_R1-2.0.22-20180324.073424-1526.pom
2018-03-25 18:23:04,133 [Worker-14] INFO  o.e.m.c.i.e.AbstractTransferListenerAdapter - Downloaded http://repo.citizensnpcs.co/net/citizensnpcs/citizens-v1_11_R1/2.0.22-SNAPSHOT/citizens-v1_11_R1-2.0.22-20180324.073424-1526.pom
2018-03-25 18:23:05,090 [DefaultMetadataResolver-10-0] INFO  o.e.m.c.i.e.AbstractTransferListenerAdapter - Downloaded http://ci.emc.gs/nexus/content/groups/aikar/net/citizensnpcs/citizens-v1_12_R1/2.0.22-SNAPSHOT/maven-metadata.xml
2018-03-25 18:23:05,092 [DefaultMetadataResolver-10-1] INFO  o.e.m.c.i.e.AbstractTransferListenerAdapter - Downloading http://repo.citizensnpcs.co/net/citizensnpcs/citizens-v1_12_R1/2.0.22-SNAPSHOT/maven-metadata.xml
2018-03-25 18:23:06,092 [DefaultMetadataResolver-11-0] INFO  o.e.m.c.i.e.AbstractTransferListenerAdapter - Downloaded http://ci.emc.gs/nexus/content/groups/aikar/net/citizensnpcs/citizens-v1_12_R1/2.0.22-SNAPSHOT/maven-metadata.xml
2018-03-25 18:23:06,094 [DefaultMetadataResolver-11-1] INFO  o.e.m.c.i.e.AbstractTransferListenerAdapter - Downloading http://repo.citizensnpcs.co/net/citizensnpcs/citizens-v1_12_R1/2.0.22-SNAPSHOT/maven-metadata.xml
2018-03-25 18:23:07,116 [DefaultMetadataResolver-10-1] INFO  o.e.m.c.i.e.AbstractTransferListenerAdapter - Downloaded http://repo.citizensnpcs.co/net/citizensnpcs/citizens-v1_12_R1/2.0.22-SNAPSHOT/maven-metadata.xml
2018-03-25 18:23:08,130 [DefaultMetadataResolver-11-1] INFO  o.e.m.c.i.e.AbstractTransferListenerAdapter - Downloaded http://repo.citizensnpcs.co/net/citizensnpcs/citizens-v1_12_R1/2.0.22-SNAPSHOT/maven-metadata.xml
2018-03-25 18:23:09,093 [Worker-15] INFO  o.e.m.c.i.e.AbstractTransferListenerAdapter - Downloaded http://ci.emc.gs/nexus/content/groups/aikar/net/citizensnpcs/citizens-v1_12_R1/2.0.22-SNAPSHOT/citizens-v1_12_R1-2.0.22-20180324.073424-1526.pom
2018-03-25 18:23:10,091 [Worker-14] INFO  o.e.m.c.i.e.AbstractTransferListenerAdapter - Downloaded http://ci.emc.gs/nexus/content/groups/aikar/net/citizensnpcs/citizens-v1_12_R1/2.0.22-SNAPSHOT/citizens-v1_12_R1-2.0.22-20180324.073424-1526.pom
2018-03-25 18:23:11,092 [Worker-15] INFO  o.e.m.c.i.e.AbstractTransferListenerAdapter - Downloading http://repo.citizensnpcs.co/net/citizensnpcs/citizens-v1_12_R1/2.0.22-SNAPSHOT/citizens-v1_12_R1-2.0.22-20180324.073424-1526.pom
2018-03-25 18:23:12,090 [Worker-14] INFO  o.e.m.c.i.e.AbstractTransferListenerAdapter - Downloading http://repo.citizensnpcs.co/net/citizensnpcs/citizens-v1_12_R1/2.0.22-SNAPSHOT/citizens-v1_12_R1-2.0.22-20180324.073424-1526.pom
2018-03-25 18:23:13,115 [Worker-15] INFO  o.e.m.c.i.e.AbstractTransferListenerAdapter - Downloaded http://repo.citizensnpcs.co/net/citizensnpcs/citizens-v1_12_R1/2.0.22-SNAPSHOT/citizens-v1_12_R1-2.0.22-20180324.073424-1526.pom
2018-03-25 18:23:14,122 [Worker-14] INFO  o.e.m.c.i.e.AbstractTransferListenerAdapter - Downloaded http://repo.citizensnpcs.co/net/citizensnpcs/citizens-v1_12_R1/2.0.22-SNAPSHOT/citizens-v1_12_R1-2.0.22-20180324.073424-1526.pom
2018-03-25 18:23:14,759 [Worker-15] INFO  o.e.m.c.i.e.AbstractTransferListenerAdapter - Downloading http://repo.citizensnpcs.co/net/citizensnpcs/citizens/2.0.22-SNAPSHOT/citizens-2.0.22-20180324.073424-1526.jar
2018-03-25 18:23:16,090 [Worker-14] INFO  o.e.m.c.i.e.AbstractTransferListenerAdapter - Downloading http://repo.citizensnpcs.co/net/citizensnpcs/citizens/2.0.22-SNAPSHOT/citizens-2.0.22-20180324.073424-1526.jar
2018-03-25 18:23:28,095 [Worker-14] INFO  o.e.m.c.i.e.AbstractTransferListenerAdapter - Downloading http://repo.citizensnpcs.co/net/citizensnpcs/citizens/2.0.22-SNAPSHOT/citizens-2.0.22-20180324.073424-1526.jar
2018-03-25 18:23:29,277 [Worker-15] INFO  o.e.m.c.i.e.AbstractTransferListenerAdapter - Downloading http://repo.citizensnpcs.co/net/citizensnpcs/citizens/2.0.22-SNAPSHOT/citizens-2.0.22-20180324.073424-1526.jar
2018-03-25 18:23:37,095 [Worker-14] INFO  o.e.m.c.i.e.AbstractTransferListenerAdapter - Downloading http://repo.citizensnpcs.co/net/citizensnpcs/citizens/2.0.22-SNAPSHOT/citizens-2.0.22-20180324.073424-1526.jar
2018-03-25 18:23:37,193 [Worker-15] INFO  o.e.m.c.i.e.AbstractTransferListenerAdapter - Downloaded http://repo.citizensnpcs.co/net/citizensnpcs/citizens/2.0.22-SNAPSHOT/citizens-2.0.22-20180324.073424-1526.jar
2018-03-25 18:23:39,094 [Worker-15] INFO  o.e.m.c.i.e.AbstractTransferListenerAdapter - Downloading http://repo.citizensnpcs.co/net/citizensnpcs/citizens-main/2.0.22-SNAPSHOT/citizens-main-2.0.22-20180324.073424-1526.jar
2018-03-25 18:23:45,115 [Worker-15] INFO  o.e.m.c.i.e.AbstractTransferListenerAdapter - Downloaded http://repo.citizensnpcs.co/net/citizensnpcs/citizens-main/2.0.22-SNAPSHOT/citizens-main-2.0.22-20180324.073424-1526.jar
2018-03-25 18:23:47,109 [Worker-15] INFO  o.e.m.c.i.e.AbstractTransferListenerAdapter - Downloading http://repo.citizensnpcs.co/net/citizensnpcs/citizens-v1_10_R1/2.0.22-SNAPSHOT/citizens-v1_10_R1-2.0.22-20180324.073424-1526.jar
2018-03-25 18:23:48,115 [Worker-14] INFO  o.e.m.c.i.e.AbstractTransferListenerAdapter - Downloading http://repo.citizensnpcs.co/net/citizensnpcs/citizens/2.0.22-SNAPSHOT/citizens-2.0.22-20180324.073424-1526.jar
2018-03-25 18:23:54,134 [Worker-15] INFO  o.e.m.c.i.e.AbstractTransferListenerAdapter - Downloaded http://repo.citizensnpcs.co/net/citizensnpcs/citizens-v1_10_R1/2.0.22-SNAPSHOT/citizens-v1_10_R1-2.0.22-20180324.073424-1526.jar
2018-03-25 18:23:56,107 [Worker-15] INFO  o.e.m.c.i.e.AbstractTransferListenerAdapter - Downloading http://repo.citizensnpcs.co/net/citizensnpcs/citizens-v1_11_R1/2.0.22-SNAPSHOT/citizens-v1_11_R1-2.0.22-20180324.073424-1526.jar
2018-03-25 18:23:56,156 [Worker-14] INFO  o.e.m.c.i.e.AbstractTransferListenerAdapter - Downloaded http://repo.citizensnpcs.co/net/citizensnpcs/citizens/2.0.22-SNAPSHOT/citizens-2.0.22-20180324.073424-1526.jar
2018-03-25 18:23:58,110 [Worker-14] INFO  o.e.m.c.i.e.AbstractTransferListenerAdapter - Downloading http://repo.citizensnpcs.co/net/citizensnpcs/citizens-main/2.0.22-SNAPSHOT/citizens-main-2.0.22-20180324.073424-1526.jar
2018-03-25 18:24:08,133 [Worker-15] INFO  o.e.m.c.i.e.AbstractTransferListenerAdapter - Downloaded http://repo.citizensnpcs.co/net/citizensnpcs/citizens-v1_11_R1/2.0.22-SNAPSHOT/citizens-v1_11_R1-2.0.22-20180324.073424-1526.jar
2018-03-25 18:24:09,153 [Worker-14] INFO  o.e.m.c.i.e.AbstractTransferListenerAdapter - Downloaded http://repo.citizensnpcs.co/net/citizensnpcs/citizens-main/2.0.22-SNAPSHOT/citizens-main-2.0.22-20180324.073424-1526.jar
2018-03-25 18:24:10,131 [Worker-15] INFO  o.e.m.c.i.e.AbstractTransferListenerAdapter - Downloading http://repo.citizensnpcs.co/net/citizensnpcs/citizens-v1_12_R1/2.0.22-SNAPSHOT/citizens-v1_12_R1-2.0.22-20180324.073424-1526.jar
2018-03-25 18:24:11,115 [Worker-14] INFO  o.e.m.c.i.e.AbstractTransferListenerAdapter - Downloading http://repo.citizensnpcs.co/net/citizensnpcs/citizens-v1_10_R1/2.0.22-SNAPSHOT/citizens-v1_10_R1-2.0.22-20180324.073424-1526.jar
2018-03-25 18:24:22,154 [Worker-14] INFO  o.e.m.c.i.e.AbstractTransferListenerAdapter - Downloaded http://repo.citizensnpcs.co/net/citizensnpcs/citizens-v1_10_R1/2.0.22-SNAPSHOT/citizens-v1_10_R1-2.0.22-20180324.073424-1526.jar
2018-03-25 18:24:23,187 [Worker-15] INFO  o.e.m.c.i.e.AbstractTransferListenerAdapter - Downloaded http://repo.citizensnpcs.co/net/citizensnpcs/citizens-v1_12_R1/2.0.22-SNAPSHOT/citizens-v1_12_R1-2.0.22-20180324.073424-1526.jar
2018-03-25 18:24:24,107 [Worker-14] INFO  o.e.m.c.i.e.AbstractTransferListenerAdapter - Downloading http://repo.citizensnpcs.co/net/citizensnpcs/citizens-v1_11_R1/2.0.22-SNAPSHOT/citizens-v1_11_R1-2.0.22-20180324.073424-1526.jar
2018-03-25 18:24:29,805 [Worker-15] WARN  o.e.m.c.i.embedder.EclipseLogger - Using platform encoding (Cp1252 actually) to copy filtered resources, i.e. build is platform dependent!
2018-03-25 18:24:30,174 [Worker-15] INFO  o.e.m.c.i.embedder.EclipseLogger - skip non existing resourceDirectory C:\Users\kades\OneDrive\MT_Re-code\IslandDefense\src\main\resources
2018-03-25 18:24:30,512 [Worker-15] WARN  o.e.m.c.i.embedder.EclipseLogger - Using platform encoding (Cp1252 actually) to copy filtered resources, i.e. build is platform dependent!
2018-03-25 18:24:32,254 [Worker-15] INFO  o.e.m.c.i.embedder.EclipseLogger - skip non existing resourceDirectory C:\Users\kades\OneDrive\MT_Re-code\IslandDefense\src\test\resources
2018-03-25 18:24:37,258 [Worker-0] WARN  o.e.m.c.i.embedder.EclipseLogger - Using platform encoding (Cp1252 actually) to copy filtered resources, i.e. build is platform dependent!
2018-03-25 18:24:37,482 [Worker-0] INFO  o.e.m.c.i.embedder.EclipseLogger - skip non existing resourceDirectory C:\Users\kades\OneDrive\MT_Re-code\IslandDefense\src\main\resources
2018-03-25 18:24:37,602 [Worker-0] WARN  o.e.m.c.i.embedder.EclipseLogger - Using platform encoding (Cp1252 actually) to copy filtered resources, i.e. build is platform dependent!
2018-03-25 18:24:38,185 [Worker-0] INFO  o.e.m.c.i.embedder.EclipseLogger - skip non existing resourceDirectory C:\Users\kades\OneDrive\MT_Re-code\IslandDefense\src\test\resources
2018-03-25 18:24:42,741 [Worker-14] INFO  o.e.m.c.i.e.AbstractTransferListenerAdapter - Downloaded http://repo.citizensnpcs.co/net/citizensnpcs/citizens-v1_11_R1/2.0.22-SNAPSHOT/citizens-v1_11_R1-2.0.22-20180324.073424-1526.jar
2018-03-25 18:24:44,124 [Worker-14] INFO  o.e.m.c.i.e.AbstractTransferListenerAdapter - Downloading http://repo.citizensnpcs.co/net/citizensnpcs/citizens-v1_12_R1/2.0.22-SNAPSHOT/citizens-v1_12_R1-2.0.22-20180324.073424-1526.jar
2018-03-25 18:24:56,130 [Worker-14] INFO  o.e.m.c.i.e.AbstractTransferListenerAdapter - Downloaded http://repo.citizensnpcs.co/net/citizensnpcs/citizens-v1_12_R1/2.0.22-SNAPSHOT/citizens-v1_12_R1-2.0.22-20180324.073424-1526.jar
2018-03-25 18:24:58,692 [Worker-3] INFO  o.e.m.c.i.l.LifecycleMappingFactory - Using org.eclipse.m2e.jdt.JarLifecycleMapping lifecycle mapping for MavenProject: com:IslandDefense:0.0.1-SNAPSHOT @ C:\Users\kades\OneDrive\MT_Re-code\IslandDefense\pom.xml.
2018-03-25 18:25:00,049 [Worker-14] WARN  o.e.m.c.i.embedder.EclipseLogger - Using platform encoding (Cp1252 actually) to copy filtered resources, i.e. build is platform dependent!
2018-03-25 18:25:00,093 [Worker-14] INFO  o.e.m.c.i.embedder.EclipseLogger - skip non existing resourceDirectory C:\Users\kades\OneDrive\MT_Re-code\IslandDefense\src\main\resources
2018-03-25 18:25:00,193 [Worker-14] WARN  o.e.m.c.i.embedder.EclipseLogger - Using platform encoding (Cp1252 actually) to copy filtered resources, i.e. build is platform dependent!
2018-03-25 18:25:00,262 [Worker-14] INFO  o.e.m.c.i.embedder.EclipseLogger - skip non existing resourceDirectory C:\Users\kades\OneDrive\MT_Re-code\IslandDefense\src\test\resources
2018-03-25 18:25:31,612 [Worker-0] WARN  o.e.m.c.i.embedder.EclipseLogger - Using platform encoding (Cp1252 actually) to copy filtered resources, i.e. build is platform dependent!
2018-03-25 18:25:31,753 [Worker-0] INFO  o.e.m.c.i.embedder.EclipseLogger - skip non existing resourceDirectory C:\Users\kades\OneDrive\MT_Re-code\IslandDefense\src\main\resources
2018-03-25 18:25:31,785 [Worker-0] WARN  o.e.m.c.i.embedder.EclipseLogger - Using platform encoding (Cp1252 actually) to copy filtered resources, i.e. build is platform dependent!
2018-03-25 18:25:31,826 [Worker-0] INFO  o.e.m.c.i.embedder.EclipseLogger - skip non existing resourceDirectory C:\Users\kades\OneDrive\MT_Re-code\IslandDefense\src\test\resources
2018-03-25 18:27:46,684 [Worker-17] WARN  o.e.m.c.i.embedder.EclipseLogger - Using platform encoding (Cp1252 actually) to copy filtered resources, i.e. build is platform dependent!
2018-03-25 18:27:46,706 [Worker-17] INFO  o.e.m.c.i.embedder.EclipseLogger - skip non existing resourceDirectory C:\Users\kades\OneDrive\MT_Re-code\IslandDefense\src\main\resources
2018-03-25 18:27:46,887 [Worker-17] WARN  o.e.m.c.i.embedder.EclipseLogger - Using platform encoding (Cp1252 actually) to copy filtered resources, i.e. build is platform dependent!
2018-03-25 18:27:46,974 [Worker-17] INFO  o.e.m.c.i.embedder.EclipseLogger - skip non existing resourceDirectory C:\Users\kades\OneDrive\MT_Re-code\IslandDefense\src\test\resources
2018-03-25 18:38:57,587 [Worker-4] WARN  o.e.m.c.i.embedder.EclipseLogger - Using platform encoding (Cp1252 actually) to copy filtered resources, i.e. build is platform dependent!
2018-03-25 18:38:57,767 [Worker-4] INFO  o.e.m.c.i.embedder.EclipseLogger - skip non existing resourceDirectory C:\Users\kades\OneDrive\MT_Re-code\IslandDefense\src\main\resources
2018-03-25 18:38:57,831 [Worker-4] WARN  o.e.m.c.i.embedder.EclipseLogger - Using platform encoding (Cp1252 actually) to copy filtered resources, i.e. build is platform dependent!
2018-03-25 18:38:57,902 [Worker-4] INFO  o.e.m.c.i.embedder.EclipseLogger - skip non existing resourceDirectory C:\Users\kades\OneDrive\MT_Re-code\IslandDefense\src\test\resources
2018-03-25 18:40:32,300 [Worker-15] WARN  o.e.m.c.i.embedder.EclipseLogger - Using platform encoding (Cp1252 actually) to copy filtered resources, i.e. build is platform dependent!
2018-03-25 18:40:32,315 [Worker-15] INFO  o.e.m.c.i.embedder.EclipseLogger - skip non existing resourceDirectory C:\Users\kades\OneDrive\MT_Re-code\IslandDefense\src\main\resources
2018-03-25 18:40:32,330 [Worker-15] WARN  o.e.m.c.i.embedder.EclipseLogger - Using platform encoding (Cp1252 actually) to copy filtered resources, i.e. build is platform dependent!
2018-03-25 18:40:32,471 [Worker-15] INFO  o.e.m.c.i.embedder.EclipseLogger - skip non existing resourceDirectory C:\Users\kades\OneDrive\MT_Re-code\IslandDefense\src\test\resources
2018-03-25 18:41:49,269 [Worker-18] WARN  o.e.m.c.i.embedder.EclipseLogger - Using platform encoding (Cp1252 actually) to copy filtered resources, i.e. build is platform dependent!
2018-03-25 18:41:49,337 [Worker-18] INFO  o.e.m.c.i.embedder.EclipseLogger - skip non existing resourceDirectory C:\Users\kades\OneDrive\MT_Re-code\IslandDefense\src\main\resources
2018-03-25 18:41:49,468 [Worker-18] WARN  o.e.m.c.i.embedder.EclipseLogger - Using platform encoding (Cp1252 actually) to copy filtered resources, i.e. build is platform dependent!
2018-03-25 18:41:49,539 [Worker-18] INFO  o.e.m.c.i.embedder.EclipseLogger - skip non existing resourceDirectory C:\Users\kades\OneDrive\MT_Re-code\IslandDefense\src\test\resources
2018-03-25 18:42:31,271 [Worker-15] WARN  o.e.m.c.i.embedder.EclipseLogger - Using platform encoding (Cp1252 actually) to copy filtered resources, i.e. build is platform dependent!
2018-03-25 18:42:31,298 [Worker-15] INFO  o.e.m.c.i.embedder.EclipseLogger - skip non existing resourceDirectory C:\Users\kades\OneDrive\MT_Re-code\IslandDefense\src\main\resources
2018-03-25 18:42:31,319 [Worker-15] WARN  o.e.m.c.i.embedder.EclipseLogger - Using platform encoding (Cp1252 actually) to copy filtered resources, i.e. build is platform dependent!
2018-03-25 18:42:31,352 [Worker-15] INFO  o.e.m.c.i.embedder.EclipseLogger - skip non existing resourceDirectory C:\Users\kades\OneDrive\MT_Re-code\IslandDefense\src\test\resources
2018-03-25 18:42:41,457 [Worker-17] WARN  o.e.m.c.i.embedder.EclipseLogger - Using platform encoding (Cp1252 actually) to copy filtered resources, i.e. build is platform dependent!
2018-03-25 18:42:41,477 [Worker-17] INFO  o.e.m.c.i.embedder.EclipseLogger - skip non existing resourceDirectory C:\Users\kades\OneDrive\MT_Re-code\IslandDefense\src\main\resources
2018-03-25 18:42:41,493 [Worker-17] WARN  o.e.m.c.i.embedder.EclipseLogger - Using platform encoding (Cp1252 actually) to copy filtered resources, i.e. build is platform dependent!
2018-03-25 18:42:41,529 [Worker-17] INFO  o.e.m.c.i.embedder.EclipseLogger - skip non existing resourceDirectory C:\Users\kades\OneDrive\MT_Re-code\IslandDefense\src\test\resources
2018-03-25 18:43:52,657 [Worker-17] WARN  o.e.m.c.i.embedder.EclipseLogger - Using platform encoding (Cp1252 actually) to copy filtered resources, i.e. build is platform dependent!
2018-03-25 18:43:52,686 [Worker-17] INFO  o.e.m.c.i.embedder.EclipseLogger - skip non existing resourceDirectory C:\Users\kades\OneDrive\MT_Re-code\IslandDefense\src\main\resources
2018-03-25 18:43:52,703 [Worker-17] WARN  o.e.m.c.i.embedder.EclipseLogger - Using platform encoding (Cp1252 actually) to copy filtered resources, i.e. build is platform dependent!
2018-03-25 18:43:52,770 [Worker-17] INFO  o.e.m.c.i.embedder.EclipseLogger - skip non existing resourceDirectory C:\Users\kades\OneDrive\MT_Re-code\IslandDefense\src\test\resources
2018-03-25 18:44:00,944 [Worker-18] WARN  o.e.m.c.i.embedder.EclipseLogger - Using platform encoding (Cp1252 actually) to copy filtered resources, i.e. build is platform dependent!
2018-03-25 18:44:00,986 [Worker-18] INFO  o.e.m.c.i.embedder.EclipseLogger - skip non existing resourceDirectory C:\Users\kades\OneDrive\MT_Re-code\IslandDefense\src\main\resources
2018-03-25 18:44:01,006 [Worker-18] WARN  o.e.m.c.i.embedder.EclipseLogger - Using platform encoding (Cp1252 actually) to copy filtered resources, i.e. build is platform dependent!
2018-03-25 18:44:01,032 [Worker-18] INFO  o.e.m.c.i.embedder.EclipseLogger - skip non existing resourceDirectory C:\Users\kades\OneDrive\MT_Re-code\IslandDefense\src\test\resources
2018-03-25 18:44:17,764 [Worker-15] WARN  o.e.m.c.i.embedder.EclipseLogger - Using platform encoding (Cp1252 actually) to copy filtered resources, i.e. build is platform dependent!
2018-03-25 18:44:17,820 [Worker-15] INFO  o.e.m.c.i.embedder.EclipseLogger - skip non existing resourceDirectory C:\Users\kades\OneDrive\MT_Re-code\IslandDefense\src\main\resources
2018-03-25 18:44:17,846 [Worker-15] WARN  o.e.m.c.i.embedder.EclipseLogger - Using platform encoding (Cp1252 actually) to copy filtered resources, i.e. build is platform dependent!
2018-03-25 18:44:17,878 [Worker-15] INFO  o.e.m.c.i.embedder.EclipseLogger - skip non existing resourceDirectory C:\Users\kades\OneDrive\MT_Re-code\IslandDefense\src\test\resources
2018-03-25 18:45:41,663 [Worker-16] WARN  o.e.m.c.i.embedder.EclipseLogger - Using platform encoding (Cp1252 actually) to copy filtered resources, i.e. build is platform dependent!
2018-03-25 18:45:41,679 [Worker-16] INFO  o.e.m.c.i.embedder.EclipseLogger - skip non existing resourceDirectory C:\Users\kades\OneDrive\MT_Re-code\IslandDefense\src\main\resources
2018-03-25 18:45:41,698 [Worker-16] WARN  o.e.m.c.i.embedder.EclipseLogger - Using platform encoding (Cp1252 actually) to copy filtered resources, i.e. build is platform dependent!
2018-03-25 18:45:41,712 [Worker-16] INFO  o.e.m.c.i.embedder.EclipseLogger - skip non existing resourceDirectory C:\Users\kades\OneDrive\MT_Re-code\IslandDefense\src\test\resources
2018-03-25 18:45:47,496 [Worker-5] WARN  o.e.m.c.i.embedder.EclipseLogger - Using platform encoding (Cp1252 actually) to copy filtered resources, i.e. build is platform dependent!
2018-03-25 18:45:47,574 [Worker-5] INFO  o.e.m.c.i.embedder.EclipseLogger - skip non existing resourceDirectory C:\Users\kades\OneDrive\MT_Re-code\IslandDefense\src\main\resources
2018-03-25 18:45:47,607 [Worker-5] WARN  o.e.m.c.i.embedder.EclipseLogger - Using platform encoding (Cp1252 actually) to copy filtered resources, i.e. build is platform dependent!
2018-03-25 18:45:47,643 [Worker-5] INFO  o.e.m.c.i.embedder.EclipseLogger - skip non existing resourceDirectory C:\Users\kades\OneDrive\MT_Re-code\IslandDefense\src\test\resources
2018-03-25 19:00:55,467 [Worker-23] WARN  o.e.m.c.i.embedder.EclipseLogger - Using platform encoding (Cp1252 actually) to copy filtered resources, i.e. build is platform dependent!
2018-03-25 19:00:55,503 [Worker-23] INFO  o.e.m.c.i.embedder.EclipseLogger - skip non existing resourceDirectory C:\Users\kades\OneDrive\MT_Re-code\IslandDefense\src\main\resources
2018-03-25 19:00:55,537 [Worker-23] WARN  o.e.m.c.i.embedder.EclipseLogger - Using platform encoding (Cp1252 actually) to copy filtered resources, i.e. build is platform dependent!
2018-03-25 19:00:55,628 [Worker-23] INFO  o.e.m.c.i.embedder.EclipseLogger - skip non existing resourceDirectory C:\Users\kades\OneDrive\MT_Re-code\IslandDefense\src\test\resources
2018-03-26 17:06:01,313 [Worker-4] INFO  c.g.t.t.d.PublishedGradleVersions - Gradle version information cache is out-of-date. Trying to update.
2018-03-27 17:59:22,599 [Worker-5] INFO  c.g.t.t.d.PublishedGradleVersions - Gradle version information cache is out-of-date. Trying to update.
2018-03-28 18:24:12,042 [Worker-5] INFO  c.g.t.t.d.PublishedGradleVersions - Gradle version information cache is out-of-date. Trying to update.
2018-03-28 18:28:21,942 [Worker-1] INFO  c.g.t.t.d.PublishedGradleVersions - Gradle version information cache is up-to-date. Trying to read.
2018-03-29 16:44:56,123 [Worker-3] INFO  c.g.t.t.d.PublishedGradleVersions - Gradle version information cache is up-to-date. Trying to read.
2018-03-29 17:04:30,864 [Worker-0] WARN  o.e.m.c.i.embedder.EclipseLogger - Using platform encoding (Cp1252 actually) to copy filtered resources, i.e. build is platform dependent!
2018-03-29 17:04:30,889 [Worker-0] INFO  o.e.m.c.i.embedder.EclipseLogger - skip non existing resourceDirectory C:\Users\kades\OneDrive\MT_Re-code\IslandDefense\src\main\resources
2018-03-29 17:04:30,895 [Worker-0] WARN  o.e.m.c.i.embedder.EclipseLogger - Using platform encoding (Cp1252 actually) to copy filtered resources, i.e. build is platform dependent!
2018-03-29 17:04:30,910 [Worker-0] INFO  o.e.m.c.i.embedder.EclipseLogger - skip non existing resourceDirectory C:\Users\kades\OneDrive\MT_Re-code\IslandDefense\src\test\resources
2018-03-29 17:05:20,496 [Worker-0] INFO  c.g.t.t.d.PublishedGradleVersions - Gradle version information cache is up-to-date. Trying to read.
2018-03-30 17:50:37,495 [Worker-5] INFO  c.g.t.t.d.PublishedGradleVersions - Gradle version information cache is out-of-date. Trying to update.
2018-03-30 17:54:34,587 [Worker-4] INFO  c.g.t.t.d.PublishedGradleVersions - Gradle version information cache is up-to-date. Trying to read.
2018-03-30 18:27:32,369 [Worker-0] INFO  c.g.t.t.d.PublishedGradleVersions - Gradle version information cache is up-to-date. Trying to read.
2018-03-31 10:07:21,550 [Worker-0] INFO  c.g.t.t.d.PublishedGradleVersions - Gradle version information cache is up-to-date. Trying to read.
2018-03-31 10:17:20,946 [Worker-2] INFO  c.g.t.t.d.PublishedGradleVersions - Gradle version information cache is up-to-date. Trying to read.
2018-03-31 10:17:50,797 [Worker-12] WARN  o.e.m.c.i.embedder.EclipseLogger - Using platform encoding (Cp1252 actually) to copy filtered resources, i.e. build is platform dependent!
2018-03-31 10:17:50,821 [Worker-12] INFO  o.e.m.c.i.embedder.EclipseLogger - skip non existing resourceDirectory C:\Users\kades\OneDrive\MT_Re-code\IslandDefense\src\main\resources
2018-03-31 10:17:50,825 [Worker-12] WARN  o.e.m.c.i.embedder.EclipseLogger - Using platform encoding (Cp1252 actually) to copy filtered resources, i.e. build is platform dependent!
2018-03-31 10:17:50,840 [Worker-12] INFO  o.e.m.c.i.embedder.EclipseLogger - skip non existing resourceDirectory C:\Users\kades\OneDrive\MT_Re-code\IslandDefense\src\test\resources
